2025-05-28 14:56:09 [main] INFO com.ui.listeners.TestListeners Test Suite Started 
2025-05-28 14:56:34 [TestNG-test-UI Automation Test-1] INFO com.ui.listeners.TestListeners login 
2025-05-28 14:56:34 [TestNG-test-UI Automation Test-1] INFO com.ui.listeners.TestListeners Verifies if the valid user is able to login intothe application 
2025-05-28 14:56:34 [TestNG-test-UI Automation Test-1] INFO com.ui.listeners.TestListeners [e2e, sanity] 
2025-05-28 14:56:34 [TestNG-test-UI Automation Test-1] INFO com.ui.pages.HomePage Trying to perform click to go to sign in page 
2025-05-28 14:56:34 [TestNG-test-UI Automation Test-1] INFO com.ui.pages.HomePage Finding element with the locatorBy.xpath: //a[contains(text(),'Sign in')] 
2025-05-28 14:56:34 [TestNG-test-UI Automation Test-1] ERROR com.ui.listeners.TestListeners login FAILED 
2025-05-28 14:56:34 [TestNG-test-UI Automation Test-1] ERROR com.ui.listeners.TestListeners no such element: Unable to locate element: {"method":"xpath","selector":"//a[contains(text(),'Sign in')]"}
  (Session info: chrome=127.0.6533.73)
For documentation on this error, please visit: https://www.selenium.dev/documentation/webdriver/troubleshooting/errors#no-such-element-exception
Build info: version: '4.25.0', revision: '8a8aea2337'
System info: os.name: 'Windows 10', os.arch: 'amd64', os.version: '10.0', java.version: '11.0.27'
Driver info: org.openqa.selenium.remote.RemoteWebDriver
Command: [767b0d73d0bca4433c7f25f5df9d58a0, findElement {value=//a[contains(text(),'Sign in')], using=xpath}]
Capabilities {acceptInsecureCerts: false, browserName: chrome, browserVersion: 127.0.6533.73, chrome: {chromedriverVersion: 127.0.6533.119 (bdef6783a05..., userDataDir: C:\Program Files (x86)\scop...}, fedcm:accounts: true, goog:chromeOptions: {debuggerAddress: localhost:9225}, networkConnectionEnabled: false, pageLoadStrategy: normal, platformName: Windows XP, proxy: Proxy(), se:bidiEnabled: false, se:cdp: wss://cdp-mumbai.lambdatest..., se:cdpVersion: 127.0.6533.73, setWindowRect: true, strictFileInteractability: false, timeouts: {implicit: 0, pageLoad: 300000, script: 30000}, unhandledPromptBehavior: dismiss and notify, webauthn:extension:credBlob: true, webauthn:extension:largeBlob: true, webauthn:extension:minPinLength: true, webauthn:extension:prf: true, webauthn:virtualAuthenticators: true}
Session ID: 767b0d73d0bca4433c7f25f5df9d58a0 
2025-05-28 14:56:34 [TestNG-test-UI Automation Test-1] INFO com.ui.listeners.TestListeners capturing screenshot for the failed tests 
2025-05-28 14:56:35 [TestNG-test-UI Automation Test-1] INFO com.ui.listeners.TestListeners Attaching screenshot to the HTML file 
2025-05-28 14:56:47 [TestNG-test-UI Automation Test-1] INFO com.ui.listeners.TestListeners login 
2025-05-28 14:56:47 [TestNG-test-UI Automation Test-1] INFO com.ui.listeners.TestListeners Verifies if the valid user is able to login intothe application 
2025-05-28 14:56:47 [TestNG-test-UI Automation Test-1] INFO com.ui.listeners.TestListeners [e2e, sanity] 
2025-05-28 14:56:47 [TestNG-test-UI Automation Test-1] INFO com.ui.pages.HomePage Trying to perform click to go to sign in page 
2025-05-28 14:56:47 [TestNG-test-UI Automation Test-1] INFO com.ui.pages.HomePage Finding element with the locatorBy.xpath: //a[contains(text(),'Sign in')] 
2025-05-28 14:56:48 [TestNG-test-UI Automation Test-1] ERROR com.ui.listeners.TestListeners login FAILED 
2025-05-28 14:56:48 [TestNG-test-UI Automation Test-1] ERROR com.ui.listeners.TestListeners no such element: Unable to locate element: {"method":"xpath","selector":"//a[contains(text(),'Sign in')]"}
  (Session info: chrome=127.0.6533.73)
For documentation on this error, please visit: https://www.selenium.dev/documentation/webdriver/troubleshooting/errors#no-such-element-exception
Build info: version: '4.25.0', revision: '8a8aea2337'
System info: os.name: 'Windows 10', os.arch: 'amd64', os.version: '10.0', java.version: '11.0.27'
Driver info: org.openqa.selenium.remote.RemoteWebDriver
Command: [647a87b424ca046e84397f64c99f157e, findElement {value=//a[contains(text(),'Sign in')], using=xpath}]
Capabilities {acceptInsecureCerts: false, browserName: chrome, browserVersion: 127.0.6533.73, chrome: {chromedriverVersion: 127.0.6533.119 (bdef6783a05..., userDataDir: C:\Program Files (x86)\scop...}, fedcm:accounts: true, goog:chromeOptions: {debuggerAddress: localhost:9225}, networkConnectionEnabled: false, pageLoadStrategy: normal, platformName: Windows XP, proxy: Proxy(), se:bidiEnabled: false, se:cdp: wss://cdp-mumbai.lambdatest..., se:cdpVersion: 127.0.6533.73, setWindowRect: true, strictFileInteractability: false, timeouts: {implicit: 0, pageLoad: 300000, script: 30000}, unhandledPromptBehavior: dismiss and notify, webauthn:extension:credBlob: true, webauthn:extension:largeBlob: true, webauthn:extension:minPinLength: true, webauthn:extension:prf: true, webauthn:virtualAuthenticators: true}
Session ID: 647a87b424ca046e84397f64c99f157e 
2025-05-28 14:56:48 [TestNG-test-UI Automation Test-1] INFO com.ui.listeners.TestListeners capturing screenshot for the failed tests 
2025-05-28 14:56:48 [TestNG-test-UI Automation Test-1] INFO com.ui.listeners.TestListeners Attaching screenshot to the HTML file 
2025-05-28 14:56:50 [main] INFO com.ui.listeners.TestListeners Test Suite Ended 
